
----------------------------------
Using stored unhandled routes!.
   To discover new routes in the angular app use "npm run scully -- --scanRoutes"
----------------------------------

      ----------------
      Error, missing "<scully-content>" in route "/blog/___UNPUBLISHED___kmcf4xqe_rC6Xqax0RzlO1DY1MWXrvpDtOWWU4bHS"
      without <scully-content> we can not render this route.
      Make sure it is in there, and not inside any conditionals (*ngIf)
      You can check this by opening "http://localhost:4200/blog/___UNPUBLISHED___kmcf4xqe_rC6Xqax0RzlO1DY1MWXrvpDtOWWU4bHS"
      when you serve your app with ng serve and then in the browsers console run:
      document.querySelector('scully-content')
      ----------------
      
      ----------------
      Error, missing "<scully-content>" in route "/blog/___UNPUBLISHED___kmcf4xql_MV9haV3oGMOoSAlYbQ59P6lu8NhTLuMY"
      without <scully-content> we can not render this route.
      Make sure it is in there, and not inside any conditionals (*ngIf)
      You can check this by opening "http://localhost:4200/blog/___UNPUBLISHED___kmcf4xql_MV9haV3oGMOoSAlYbQ59P6lu8NhTLuMY"
      when you serve your app with ng serve and then in the browsers console run:
      document.querySelector('scully-content')
      ----------------
      


      ----------------
      Error, missing "<scully-content>" in route "/blog/angular-first-tutorial"
      without <scully-content> we can not render this route.
      Make sure it is in there, and not inside any conditionals (*ngIf)
      You can check this by opening "http://localhost:4200/blog/angular-first-tutorial"
      when you serve your app with ng serve and then in the browsers console run:
      document.querySelector('scully-content')
      ----------------
      
      ----------------
      Error, missing "<scully-content>" in route "/blog/2021-03-16-blog"
      without <scully-content> we can not render this route.
      Make sure it is in there, and not inside any conditionals (*ngIf)
      You can check this by opening "http://localhost:4200/blog/2021-03-16-blog"
      when you serve your app with ng serve and then in the browsers console run:
      document.querySelector('scully-content')
      ----------------
      


      ----------------
      Error, missing "<scully-content>" in route "/blog/___UNPUBLISHED___kmcf4xqe_rC6Xqax0RzlO1DY1MWXrvpDtOWWU4bHS"
      without <scully-content> we can not render this route.
      Make sure it is in there, and not inside any conditionals (*ngIf)
      You can check this by opening "http://localhost:4200/blog/___UNPUBLISHED___kmcf4xqe_rC6Xqax0RzlO1DY1MWXrvpDtOWWU4bHS"
      when you serve your app with ng serve and then in the browsers console run:
      document.querySelector('scully-content')
      ----------------
      
      ----------------
      Error, missing "<scully-content>" in route "/blog/___UNPUBLISHED___kmcf4xql_MV9haV3oGMOoSAlYbQ59P6lu8NhTLuMY"
      without <scully-content> we can not render this route.
      Make sure it is in there, and not inside any conditionals (*ngIf)
      You can check this by opening "http://localhost:4200/blog/___UNPUBLISHED___kmcf4xql_MV9haV3oGMOoSAlYbQ59P6lu8NhTLuMY"
      when you serve your app with ng serve and then in the browsers console run:
      document.querySelector('scully-content')
      ----------------
      

